2025-04-04 05:43:45,268 - INFO - Request: GET http://localhost:7000/
2025-04-04 05:43:45,268 - INFO - Headers: {'host': 'localhost:7000', 'user-agent': 'Mozilla/5.0 (Windows NT 10.0; Win64; x64; rv:136.0) Gecko/20100101 Firefox/136.0', 'accept': 'text/html,application/xhtml+xml,application/xml;q=0.9,*/*;q=0.8', 'accept-language': 'es-ES,es;q=0.8,en-US;q=0.5,en;q=0.3', 'accept-encoding': 'gzip, deflate, br, zstd', 'dnt': '1', 'connection': 'keep-alive', 'upgrade-insecure-requests': '1', 'sec-fetch-dest': 'document', 'sec-fetch-mode': 'navigate', 'sec-fetch-site': 'none', 'sec-fetch-user': '?1', 'sec-gpc': '1', 'priority': 'u=0, i'}
2025-04-04 05:43:45,269 - INFO - Response status: 404
2025-04-04 05:43:45,303 - INFO - Process time: 0.000382 seconds
2025-04-04 05:43:47,834 - INFO - Request: GET http://localhost:7000/favicon.ico
2025-04-04 05:43:47,835 - INFO - Headers: {'host': 'localhost:7000', 'user-agent': 'Mozilla/5.0 (Windows NT 10.0; Win64; x64; rv:136.0) Gecko/20100101 Firefox/136.0', 'accept': 'image/avif,image/webp,image/png,image/svg+xml,image/*;q=0.8,*/*;q=0.5', 'accept-language': 'es-ES,es;q=0.8,en-US;q=0.5,en;q=0.3', 'accept-encoding': 'gzip, deflate, br, zstd', 'dnt': '1', 'connection': 'keep-alive', 'referer': 'http://localhost:7000/', 'sec-fetch-dest': 'image', 'sec-fetch-mode': 'no-cors', 'sec-fetch-site': 'cross-site', 'priority': 'u=6'}
2025-04-04 05:43:47,835 - INFO - Response status: 404
2025-04-04 05:43:47,835 - INFO - Process time: 0.000289 seconds
2025-04-04 05:43:53,572 - INFO - Request: GET http://localhost:7000/docs
2025-04-04 05:43:53,572 - INFO - Headers: {'host': 'localhost:7000', 'user-agent': 'Mozilla/5.0 (Windows NT 10.0; Win64; x64; rv:136.0) Gecko/20100101 Firefox/136.0', 'accept': 'text/html,application/xhtml+xml,application/xml;q=0.9,*/*;q=0.8', 'accept-language': 'es-ES,es;q=0.8,en-US;q=0.5,en;q=0.3', 'accept-encoding': 'gzip, deflate, br, zstd', 'dnt': '1', 'connection': 'keep-alive', 'upgrade-insecure-requests': '1', 'sec-fetch-dest': 'document', 'sec-fetch-mode': 'navigate', 'sec-fetch-site': 'none', 'sec-fetch-user': '?1', 'sec-gpc': '1', 'priority': 'u=0, i'}
2025-04-04 05:43:53,572 - INFO - Response status: 200
2025-04-04 05:43:53,572 - INFO - Process time: 0.000265 seconds
2025-04-04 05:43:55,749 - INFO - Request: GET http://localhost:7000/openapi.json
2025-04-04 05:43:55,750 - INFO - Headers: {'host': 'localhost:7000', 'user-agent': 'Mozilla/5.0 (Windows NT 10.0; Win64; x64; rv:136.0) Gecko/20100101 Firefox/136.0', 'accept': 'application/json,*/*', 'accept-language': 'es-ES,es;q=0.8,en-US;q=0.5,en;q=0.3', 'accept-encoding': 'gzip, deflate, br, zstd', 'referer': 'http://localhost:7000/docs', 'dnt': '1', 'connection': 'keep-alive', 'sec-fetch-dest': 'empty', 'sec-fetch-mode': 'cors', 'sec-fetch-site': 'same-origin', 'sec-gpc': '1', 'priority': 'u=4'}
2025-04-04 05:43:55,923 - INFO - Response status: 200
2025-04-04 05:43:55,923 - INFO - Process time: 0.173692 seconds
2025-04-04 05:44:13,776 - INFO - Request: POST http://localhost:7000/token
2025-04-04 05:44:13,776 - INFO - Headers: {'host': 'localhost:7000', 'user-agent': 'Mozilla/5.0 (Windows NT 10.0; Win64; x64; rv:136.0) Gecko/20100101 Firefox/136.0', 'accept': 'application/json, text/plain, */*', 'accept-language': 'es-ES,es;q=0.8,en-US;q=0.5,en;q=0.3', 'accept-encoding': 'gzip, deflate, br, zstd', 'referer': 'http://localhost:7000/docs', 'content-type': 'application/x-www-form-urlencoded', 'x-requested-with': 'XMLHttpRequest', 'authorization': 'Basic Og==', 'content-length': '51', 'origin': 'http://localhost:7000', 'dnt': '1', 'connection': 'keep-alive', 'sec-fetch-dest': 'empty', 'sec-fetch-mode': 'cors', 'sec-fetch-site': 'same-origin', 'sec-gpc': '1', 'priority': 'u=0'}
2025-04-04 05:44:13,776 - INFO - Body: grant_type=password&username=carlos&password=secret
2025-04-04 05:44:13,907 - WARNING - (trapped) error reading bcrypt version
Traceback (most recent call last):
  File "C:\Users\carfe\Documents\Git\master\venv\Lib\site-packages\passlib\handlers\bcrypt.py", line 620, in _load_backend_mixin
    version = _bcrypt.__about__.__version__
              ^^^^^^^^^^^^^^^^^
AttributeError: module 'bcrypt' has no attribute '__about__'
2025-04-04 05:44:14,154 - INFO - Response status: 200
2025-04-04 05:44:14,154 - INFO - Process time: 0.378084 seconds
2025-04-04 05:44:34,072 - INFO - Request: GET http://localhost:7000/api/items/
2025-04-04 05:44:34,072 - INFO - Headers: {'host': 'localhost:7000', 'user-agent': 'Mozilla/5.0 (Windows NT 10.0; Win64; x64; rv:136.0) Gecko/20100101 Firefox/136.0', 'accept': 'application/json', 'accept-language': 'es-ES,es;q=0.8,en-US;q=0.5,en;q=0.3', 'accept-encoding': 'gzip, deflate, br, zstd', 'referer': 'http://localhost:7000/docs', 'authorization': 'Bearer eyJhbGciOiJIUzI1NiIsInR5cCI6IkpXVCJ9.eyJzdWIiOiJjYXJsb3MiLCJleHAiOjE3NDM3NjUyNTR9.Mr6Zl2xVJyzpQ0Fw0dFCgnLq2lAUr4kfx9_Shq3iX4I', 'dnt': '1', 'connection': 'keep-alive', 'sec-fetch-dest': 'empty', 'sec-fetch-mode': 'cors', 'sec-fetch-site': 'same-origin', 'sec-gpc': '1', 'priority': 'u=0'}
2025-04-04 05:44:34,155 - INFO - Response status: 200
2025-04-04 05:44:34,155 - INFO - Process time: 0.082792 seconds
2025-04-04 05:45:20,464 - INFO - Request: POST http://localhost:7000/api/items/
2025-04-04 05:45:20,464 - INFO - Headers: {'host': 'localhost:7000', 'user-agent': 'Mozilla/5.0 (Windows NT 10.0; Win64; x64; rv:136.0) Gecko/20100101 Firefox/136.0', 'accept': 'application/json', 'accept-language': 'es-ES,es;q=0.8,en-US;q=0.5,en;q=0.3', 'accept-encoding': 'gzip, deflate, br, zstd', 'referer': 'http://localhost:7000/docs', 'authorization': 'Bearer eyJhbGciOiJIUzI1NiIsInR5cCI6IkpXVCJ9.eyJzdWIiOiJjYXJsb3MiLCJleHAiOjE3NDM3NjUyNTR9.Mr6Zl2xVJyzpQ0Fw0dFCgnLq2lAUr4kfx9_Shq3iX4I', 'content-type': 'application/json', 'content-length': '95', 'origin': 'http://localhost:7000', 'dnt': '1', 'connection': 'keep-alive', 'sec-fetch-dest': 'empty', 'sec-fetch-mode': 'cors', 'sec-fetch-site': 'same-origin', 'sec-gpc': '1', 'priority': 'u=0'}
2025-04-04 05:45:20,465 - INFO - Body: {
  "name": "Otro Producto",
  "description": "Viernes",
  "price": 1111,
  "available": true
}
2025-04-04 05:45:20,622 - INFO - Action: CREATE - Details: Item created: 3a61d67c-24ae-4247-91ba-621bc55803b9 - <sqlmodels.Item object at 0x0000018BD0F760D0>
2025-04-04 05:45:20,623 - INFO - Response status: 200
2025-04-04 05:45:20,623 - INFO - Process time: 0.158464 seconds
2025-04-04 05:50:29,717 - INFO - Request: GET http://localhost:7000/docs
2025-04-04 05:50:29,717 - INFO - Headers: {'host': 'localhost:7000', 'user-agent': 'Mozilla/5.0 (Windows NT 10.0; Win64; x64; rv:136.0) Gecko/20100101 Firefox/136.0', 'accept': 'text/html,application/xhtml+xml,application/xml;q=0.9,*/*;q=0.8', 'accept-language': 'es-ES,es;q=0.8,en-US;q=0.5,en;q=0.3', 'accept-encoding': 'gzip, deflate, br, zstd', 'dnt': '1', 'connection': 'keep-alive', 'upgrade-insecure-requests': '1', 'sec-fetch-dest': 'document', 'sec-fetch-mode': 'navigate', 'sec-fetch-site': 'none', 'sec-fetch-user': '?1', 'sec-gpc': '1', 'priority': 'u=0, i'}
2025-04-04 05:50:29,717 - INFO - Response status: 200
2025-04-04 05:50:29,717 - INFO - Process time: 0.000217 seconds
2025-04-04 05:52:05,739 - INFO - Action: CREATE - Details: Item created: 612d1608-4eae-41e4-b467-59d3d71f9676 - <sqlmodels.Item object at 0x00000225121C23F0>
2025-04-04 05:55:35,003 - INFO - Action: CREATE - Details: Item created: 16b3d1df-e6e3-45db-b2e5-144ec66e5078 - <sqlmodels.Item object at 0x00000284C8747A10>. Body: {'name': 'string', 'description': 'string', 'price': 1.0, 'available': True}
2025-04-04 05:55:49,132 - INFO - Action: DELETE - Details: Item deleted: 16b3d1df-e6e3-45db-b2e5-144ec66e5078. Body: None (DELETE operation)
2025-04-04 08:26:54,640 - INFO - Action: UPDATE - Details: Item updated: 4c9c2dde-4fd4-4fb5-b042-17e78d44b2aa - <sqlmodels.Item object at 0x0000025E5FD34830>. Body: {'name': 'Pachado Viernes'}
